###############################################################################
#                                                                             #
#     IAR Assembler V8.32.1.169/W32 for ARM 29/Jul/2024  13:06:20             #
#     Copyright 1999-2018 IAR Systems AB.                                     #
#                                                                             #
#           Source file   =  D:\2_Projects\Exam\TCP_Server_Echo\REV3.85_20240423\Base\startup_stm32f407xx.s#
#           List file     =  D:\2_Projects\Exam\TCP_Server_Echo\REV3.85_20240423\Debug\List\startup_stm32f407xx.lst#
#           Object file   =  D:\2_Projects\Exam\TCP_Server_Echo\REV3.85_20240423\Debug\Obj\startup_stm32f407xx.o#
#           Command line  =  -f                                               #
#                            C:\Users\JASAN1~1\AppData\Local\Temp\EW83C6.tmp  #
#                            (D:\2_Projects\Exam\TCP_Server_Echo\REV3.85_20240423\Base\startup_stm32f407xx.s #
#                            -OD:\2_Projects\Exam\TCP_Server_Echo\REV3.85_20240423\Debug\Obj #
#                            -s+ -M<> -w+ -r                                  #
#                            -LD:\2_Projects\Exam\TCP_Server_Echo\REV3.85_20240423\Debug\List #
#                            -cAOM -i -B -t8 -xDI2 --cpu Cortex-M4 --fpu      #
#                            VFPv4_sp)                                        #
#                                                                             #
###############################################################################

    1                           ;/******************** (C) COPYRIGHT 2017
                                 STMicroelectronics ********************

    2                           ;* File Name          : startup_stm32f407xx.s

    3                           ;* Author             : MCD Application
                                 Team

    4                           ;* Description        : STM32F407xx devices
                                 vector table for EWARM toolchain.

    5                           ;*                      This module performs:

    6                           ;*                      - Set the initial
                                 SP

    7                           ;*                      - Set the initial PC
                                 == _iar_program_start,

    8                           ;*                      - Set the vector table
                                 entries with the exceptions ISR 

    9                           ;*                        address.

   10                           ;*                      - Branches to main in
                                 the C library (which eventually

   11                           ;*                        calls main()).

   12                           ;*                      After Reset the
                                 Cortex-M4 processor is in Thread mode,

   13                           ;*                      priority is Privileged
                                , and the Stack is set to Main.

   14                           ;*********************************************
                                ***********************************

   15                           ;* 

   16                           ;* Redistribution and use in source and binary
                                 forms, with or without modification,

   17                           ;* are permitted provided that the following
                                 conditions are met:

   18                           ;*   1. Redistributions of source code must
                                 retain the above copyright notice,

   19                           ;*      this list of conditions and the
                                 following disclaimer.

   20                           ;*   2. Redistributions in binary form must
                                 reproduce the above copyright notice,

   21                           ;*      this list of conditions and the
                                 following disclaimer in the documentation

   22                           ;*      and/or other materials provided with
                                 the distribution.

   23                           ;*   3. Neither the name of STMicroelectronics
                                 nor the names of its contributors

   24                           ;*      may be used to endorse or promote
                                 products derived from this software

   25                           ;*      without specific prior written
                                 permission.

   26                           ;*

   27                           ;* THIS SOFTWARE IS PROVIDED BY THE COPYRIGHT
                                 HOLDERS AND CONTRIBUTORS "AS IS"

   28                           ;* AND ANY EXPRESS OR IMPLIED WARRANTIES,
                                 INCLUDING, BUT NOT LIMITED TO, THE

   29                           ;* IMPLIED WARRANTIES OF MERCHANTABILITY AND
                                 FITNESS FOR A PARTICULAR PURPOSE ARE

   30                           ;* DISCLAIMED. IN NO EVENT SHALL THE COPYRIGHT
                                 HOLDER OR CONTRIBUTORS BE LIABLE

   31                           ;* FOR ANY DIRECT, INDIRECT, INCIDENTAL,
                                 SPECIAL, EXEMPLARY, OR CONSEQUENTIAL

   32                           ;* DAMAGES (INCLUDING, BUT NOT LIMITED TO,
                                 PROCUREMENT OF SUBSTITUTE GOODS OR

   33                           ;* SERVICES; LOSS OF USE, DATA, OR PROFITS; OR
                                 BUSINESS INTERRUPTION) HOWEVER

   34                           ;* CAUSED AND ON ANY THEORY OF LIABILITY,
                                 WHETHER IN CONTRACT, STRICT LIABILITY,

   35                           ;* OR TORT (INCLUDING NEGLIGENCE OR OTHERWISE)
                                 ARISING IN ANY WAY OUT OF THE USE

   36                           ;* OF THIS SOFTWARE, EVEN IF ADVISED OF THE
                                 POSSIBILITY OF SUCH DAMAGE.

   37                           ;* 

   38                           ;*********************************************
                                **********************************

   39                           ;

   40                           ;

   41                           ; The modules in this file are included in the
                                 libraries, and may be replaced

   42                           ; by any user-defined modules that define the
                                 PUBLIC symbol _program_start or

   43                           ; a user defined start symbol.

   44                           ; To override the cstartup defined in the
                                 library, simply add your modified

   45                           ; version to the workbench project.

   46                           ;

   47                           ; The vector table is normally located at
                                 address 0.

   48                           ; When debugging in RAM, it can be located in
                                 RAM, aligned to at least 2^6.

   49                           ; The name "__vector_table" has special
                                 meaning for C-SPY:

   50                           ; it is where the SP start value is found, and
                                 the NVIC vector

   51                           ; table register (VTOR) is initialized to this
                                 address if != 0.

   52                           ;

   53                           ; Cortex-M version

   54                           ;

   55                           

   56                                   MODULE  ?cstartup

   57                           

   58                                   ;; Forward declaration of sections.

   59                                   SECTION CSTACK:DATA:NOROOT(3)

   60                           

   61                                   SECTION .intvec:CODE:NOROOT(2)

   62                           

   63                                   EXTERN  __iar_program_start

   64                                   EXTERN  SystemInit

   65                                   PUBLIC  __vector_table

   66                           

   67                                   DATA

   68                           __vector_table

   69    00000000 ........              DCD     sfe(CSTACK)

   70    00000004 ........              DCD     Reset_Handler             ;
  Reset Handler

   71                           

   72    00000008 ........              DCD     NMI_Handler               ; NMI
  Handler

   73    0000000C ........              DCD     HardFault_Handler         ;
  Hard Fault Handler

   74    00000010 ........              DCD     MemManage_Handler         ; MPU
  Fault Handler

   75    00000014 ........              DCD     BusFault_Handler          ; Bus
  Fault Handler

   76    00000018 ........              DCD     UsageFault_Handler        ;
  Usage Fault Handler

   77    0000001C 00000000              DCD     0                         ;
  Reserved

   78    00000020 00000000              DCD     0                         ;
  Reserved

   79    00000024 00000000              DCD     0                         ;
  Reserved

   80    00000028 00000000              DCD     0                         ;
  Reserved

   81    0000002C ........              DCD     SVC_Handler               ;
  SVCall Handler

   82    00000030 ........              DCD     DebugMon_Handler          ;
  Debug Monitor Handler

   83    00000034 00000000              DCD     0                         ;
  Reserved

   84    00000038 ........              DCD     PendSV_Handler            ;
  PendSV Handler

   85    0000003C ........              DCD     SysTick_Handler           ;
  SysTick Handler

   86                           

   87                                    ; External Interrupts

   88    00000040 ........              DCD     WWDG_IRQHandler                
    ; Window WatchDog

   89    00000044 ........              DCD     PVD_IRQHandler                 
    ; PVD through EXTI Line detection

   90    00000048 ........              DCD     TAMP_STAMP_IRQHandler          
    ; Tamper and TimeStamps through the EXTI line

   91    0000004C ........              DCD     RTC_WKUP_IRQHandler            
    ; RTC Wakeup through the EXTI line

   92    00000050 ........              DCD     FLASH_IRQHandler               
    ; FLASH

   93    00000054 ........              DCD     RCC_IRQHandler                 
    ; RCC

   94    00000058 ........              DCD     EXTI0_IRQHandler               
    ; EXTI Line0

   95    0000005C ........              DCD     EXTI1_IRQHandler               
    ; EXTI Line1

   96    00000060 ........              DCD     EXTI2_IRQHandler               
    ; EXTI Line2

   97    00000064 ........              DCD     EXTI3_IRQHandler               
    ; EXTI Line3

   98    00000068 ........              DCD     EXTI4_IRQHandler               
    ; EXTI Line4

   99    0000006C ........              DCD     DMA1_Stream0_IRQHandler        
    ; DMA1 Stream 0

  100    00000070 ........              DCD     DMA1_Stream1_IRQHandler        
    ; DMA1 Stream 1

  101    00000074 ........              DCD     DMA1_Stream2_IRQHandler        
    ; DMA1 Stream 2

  102    00000078 ........              DCD     DMA1_Stream3_IRQHandler        
    ; DMA1 Stream 3

  103    0000007C ........              DCD     DMA1_Stream4_IRQHandler        
    ; DMA1 Stream 4

  104    00000080 ........              DCD     DMA1_Stream5_IRQHandler        
    ; DMA1 Stream 5

  105    00000084 ........              DCD     DMA1_Stream6_IRQHandler        
    ; DMA1 Stream 6

  106    00000088 ........              DCD     ADC_IRQHandler                 
    ; ADC1, ADC2 and ADC3s

  107    0000008C ........              DCD     CAN1_TX_IRQHandler             
    ; CAN1 TX

  108    00000090 ........              DCD     CAN1_RX0_IRQHandler            
    ; CAN1 RX0

  109    00000094 ........              DCD     CAN1_RX1_IRQHandler            
    ; CAN1 RX1

  110    00000098 ........              DCD     CAN1_SCE_IRQHandler            
    ; CAN1 SCE

  111    0000009C ........              DCD     EXTI9_5_IRQHandler             
    ; External Line[9:5]s

  112    000000A0 ........              DCD     TIM1_BRK_TIM9_IRQHandler       
    ; TIM1 Break and TIM9

  113    000000A4 ........              DCD     TIM1_UP_TIM10_IRQHandler       
    ; TIM1 Update and TIM10

  114    000000A8 ........              DCD     TIM1_TRG_COM_TIM11_IRQHandler  
    ; TIM1 Trigger and Commutation and TIM11

  115    000000AC ........              DCD     TIM1_CC_IRQHandler             
    ; TIM1 Capture Compare

  116    000000B0 ........              DCD     TIM2_IRQHandler                
    ; TIM2

  117    000000B4 ........              DCD     TIM3_IRQHandler                
    ; TIM3

  118    000000B8 ........              DCD     TIM4_IRQHandler                
    ; TIM4

  119    000000BC ........              DCD     I2C1_EV_IRQHandler             
    ; I2C1 Event

  120    000000C0 ........              DCD     I2C1_ER_IRQHandler             
    ; I2C1 Error

  121    000000C4 ........              DCD     I2C2_EV_IRQHandler             
    ; I2C2 Event

  122    000000C8 ........              DCD     I2C2_ER_IRQHandler             
    ; I2C2 Error

  123    000000CC ........              DCD     SPI1_IRQHandler                
    ; SPI1

  124    000000D0 ........              DCD     SPI2_IRQHandler                
    ; SPI2

  125    000000D4 ........              DCD     USART1_IRQHandler              
    ; USART1

  126    000000D8 ........              DCD     USART2_IRQHandler              
    ; USART2

  127    000000DC ........              DCD     USART3_IRQHandler              
    ; USART3

  128    000000E0 ........              DCD     EXTI15_10_IRQHandler           
    ; External Line[15:10]s

  129    000000E4 ........              DCD     RTC_Alarm_IRQHandler           
    ; RTC Alarm (A and B) through EXTI Line

  130    000000E8 ........              DCD     OTG_FS_WKUP_IRQHandler         
    ; USB OTG FS Wakeup through EXTI line

  131    000000EC ........              DCD     TIM8_BRK_TIM12_IRQHandler      
    ; TIM8 Break and TIM12

  132    000000F0 ........              DCD     TIM8_UP_TIM13_IRQHandler       
    ; TIM8 Update and TIM13

  133    000000F4 ........              DCD     TIM8_TRG_COM_TIM14_IRQHandler  
    ; TIM8 Trigger and Commutation and TIM14

  134    000000F8 ........              DCD     TIM8_CC_IRQHandler             
    ; TIM8 Capture Compare

  135    000000FC ........              DCD     DMA1_Stream7_IRQHandler        
    ; DMA1 Stream7

  136    00000100 ........              DCD     FSMC_IRQHandler                
    ; FSMC

  137    00000104 ........              DCD     SDIO_IRQHandler                
    ; SDIO

  138    00000108 ........              DCD     TIM5_IRQHandler                
    ; TIM5

  139    0000010C ........              DCD     SPI3_IRQHandler                
    ; SPI3

  140    00000110 ........              DCD     UART4_IRQHandler               
    ; UART4

  141    00000114 ........              DCD     UART5_IRQHandler               
    ; UART5

  142    00000118 ........              DCD     TIM6_DAC_IRQHandler            
    ; TIM6 and DAC1&2 underrun errors

  143    0000011C ........              DCD     TIM7_IRQHandler                
    ; TIM7

  144    00000120 ........              DCD     DMA2_Stream0_IRQHandler        
    ; DMA2 Stream 0

  145    00000124 ........              DCD     DMA2_Stream1_IRQHandler        
    ; DMA2 Stream 1

  146    00000128 ........              DCD     DMA2_Stream2_IRQHandler        
    ; DMA2 Stream 2

  147    0000012C ........              DCD     DMA2_Stream3_IRQHandler        
    ; DMA2 Stream 3

  148    00000130 ........              DCD     DMA2_Stream4_IRQHandler        
    ; DMA2 Stream 4

  149    00000134 ........              DCD     ETH_IRQHandler                 
    ; Ethernet

  150    00000138 ........              DCD     ETH_WKUP_IRQHandler            
    ; Ethernet Wakeup through EXTI line

  151    0000013C ........              DCD     CAN2_TX_IRQHandler             
    ; CAN2 TX

  152    00000140 ........              DCD     CAN2_RX0_IRQHandler            
    ; CAN2 RX0

  153    00000144 ........              DCD     CAN2_RX1_IRQHandler            
    ; CAN2 RX1

  154    00000148 ........              DCD     CAN2_SCE_IRQHandler            
    ; CAN2 SCE

  155    0000014C ........              DCD     OTG_FS_IRQHandler              
    ; USB OTG FS

  156    00000150 ........              DCD     DMA2_Stream5_IRQHandler        
    ; DMA2 Stream 5

  157    00000154 ........              DCD     DMA2_Stream6_IRQHandler        
    ; DMA2 Stream 6

  158    00000158 ........              DCD     DMA2_Stream7_IRQHandler        
    ; DMA2 Stream 7

  159    0000015C ........              DCD     USART6_IRQHandler              
    ; USART6

  160    00000160 ........              DCD     I2C3_EV_IRQHandler             
    ; I2C3 event

  161    00000164 ........              DCD     I2C3_ER_IRQHandler             
    ; I2C3 error

  162    00000168 ........              DCD     OTG_HS_EP1_OUT_IRQHandler      
    ; USB OTG HS End Point 1 Out

  163    0000016C ........              DCD     OTG_HS_EP1_IN_IRQHandler       
    ; USB OTG HS End Point 1 In

  164    00000170 ........              DCD     OTG_HS_WKUP_IRQHandler         
    ; USB OTG HS Wakeup through EXTI

  165    00000174 ........              DCD     OTG_HS_IRQHandler              
    ; USB OTG HS

  166    00000178 ........              DCD     DCMI_IRQHandler                
    ; DCMI

  167    0000017C 00000000              DCD     0                              
    ; Reserved

  168    00000180 ........              DCD     HASH_RNG_IRQHandler            
    ; Hash and RNG

  169    00000184 ........              DCD     FPU_IRQHandler                 
    ; FPU

  170                               

  171                           ;;;;;;;;;;;;;;;;;;;;;;;;;;;;;;;;;;;;;;;;;;;;;;
                                ;;;;;;

  172                           ;;

  173                           ;; Default interrupt handlers.

  174                           ;;

  175                                   THUMB

  176                                   PUBWEAK Reset_Handler

  177                                   SECTION .text:CODE:REORDER:NOROOT(2)

  178                           Reset_Handler

  179                           

  180    00000000 0148                  LDR     R0, =SystemInit

  181    00000002 8047                  BLX     R0

  182    00000004 0148                  LDR     R0, =__iar_program_start

  183    00000006 0047                  BX      R0

  184                           

  185                                   PUBWEAK NMI_Handler

  185.1                                  TABLE

  185.2  00000008 ........              Reference on line 180

  185.3  0000000C ........              Reference on line 182

  186                                   SECTION .text:CODE:REORDER:NOROOT(1)

  187                           NMI_Handler

  188    00000000 ........              B NMI_Handler

  189                           

  190                                   PUBWEAK HardFault_Handler

  191                                   SECTION .text:CODE:REORDER:NOROOT(1)

  192                           HardFault_Handler

  193    00000000 ........              B HardFault_Handler

  194                           

  195                                   PUBWEAK MemManage_Handler

  196                                   SECTION .text:CODE:REORDER:NOROOT(1)

  197                           MemManage_Handler

  198    00000000 ........              B MemManage_Handler

  199                           

  200                                   PUBWEAK BusFault_Handler

  201                                   SECTION .text:CODE:REORDER:NOROOT(1)

  202                           BusFault_Handler

  203    00000000 ........              B BusFault_Handler

  204                           

  205                                   PUBWEAK UsageFault_Handler

  206                                   SECTION .text:CODE:REORDER:NOROOT(1)

  207                           UsageFault_Handler

  208    00000000 ........              B UsageFault_Handler

  209                           

  210                                   PUBWEAK SVC_Handler

  211                                   SECTION .text:CODE:REORDER:NOROOT(1)

  212                           SVC_Handler

  213    00000000 ........              B SVC_Handler

  214                           

  215                                   PUBWEAK DebugMon_Handler

  216                                   SECTION .text:CODE:REORDER:NOROOT(1)

  217                           DebugMon_Handler

  218    00000000 ........              B DebugMon_Handler

  219                           

  220                                   PUBWEAK PendSV_Handler

  221                                   SECTION .text:CODE:REORDER:NOROOT(1)

  222                           PendSV_Handler

  223    00000000 ........              B PendSV_Handler

  224                           

  225                                   PUBWEAK SysTick_Handler

  226                                   SECTION .text:CODE:REORDER:NOROOT(1)

  227                           SysTick_Handler

  228    00000000 ........              B SysTick_Handler

  229                           

  230                                   PUBWEAK WWDG_IRQHandler

  231                                   SECTION .text:CODE:REORDER:NOROOT(1)

  232                           WWDG_IRQHandler  

  233    00000000 ........              B WWDG_IRQHandler

  234                           

  235                                   PUBWEAK PVD_IRQHandler

  236                                   SECTION .text:CODE:REORDER:NOROOT(1)

  237                           PVD_IRQHandler  

  238    00000000 ........              B PVD_IRQHandler

  239                           

  240                                   PUBWEAK TAMP_STAMP_IRQHandler

  241                                   SECTION .text:CODE:REORDER:NOROOT(1)

  242                           TAMP_STAMP_IRQHandler  

  243    00000000 ........              B TAMP_STAMP_IRQHandler

  244                           

  245                                   PUBWEAK RTC_WKUP_IRQHandler

  246                                   SECTION .text:CODE:REORDER:NOROOT(1)

  247                           RTC_WKUP_IRQHandler  

  248    00000000 ........              B RTC_WKUP_IRQHandler

  249                           

  250                                   PUBWEAK FLASH_IRQHandler

  251                                   SECTION .text:CODE:REORDER:NOROOT(1)

  252                           FLASH_IRQHandler  

  253    00000000 ........              B FLASH_IRQHandler

  254                           

  255                                   PUBWEAK RCC_IRQHandler

  256                                   SECTION .text:CODE:REORDER:NOROOT(1)

  257                           RCC_IRQHandler  

  258    00000000 ........              B RCC_IRQHandler

  259                           

  260                                   PUBWEAK EXTI0_IRQHandler

  261                                   SECTION .text:CODE:REORDER:NOROOT(1)

  262                           EXTI0_IRQHandler  

  263    00000000 ........              B EXTI0_IRQHandler

  264                           

  265                                   PUBWEAK EXTI1_IRQHandler

  266                                   SECTION .text:CODE:REORDER:NOROOT(1)

  267                           EXTI1_IRQHandler  

  268    00000000 ........              B EXTI1_IRQHandler

  269                           

  270                                   PUBWEAK EXTI2_IRQHandler

  271                                   SECTION .text:CODE:REORDER:NOROOT(1)

  272                           EXTI2_IRQHandler  

  273    00000000 ........              B EXTI2_IRQHandler

  274                           

  275                                   PUBWEAK EXTI3_IRQHandler

  276                                   SECTION .text:CODE:REORDER:NOROOT(1)

  277                           EXTI3_IRQHandler

  278    00000000 ........              B EXTI3_IRQHandler

  279                           

  280                                   PUBWEAK EXTI4_IRQHandler

  281                                   SECTION .text:CODE:REORDER:NOROOT(1)

  282                           EXTI4_IRQHandler  

  283    00000000 ........              B EXTI4_IRQHandler

  284                           

  285                                   PUBWEAK DMA1_Stream0_IRQHandler

  286                                   SECTION .text:CODE:REORDER:NOROOT(1)

  287                           DMA1_Stream0_IRQHandler  

  288    00000000 ........              B DMA1_Stream0_IRQHandler

  289                           

  290                                   PUBWEAK DMA1_Stream1_IRQHandler

  291                                   SECTION .text:CODE:REORDER:NOROOT(1)

  292                           DMA1_Stream1_IRQHandler  

  293    00000000 ........              B DMA1_Stream1_IRQHandler

  294                           

  295                                   PUBWEAK DMA1_Stream2_IRQHandler

  296                                   SECTION .text:CODE:REORDER:NOROOT(1)

  297                           DMA1_Stream2_IRQHandler  

  298    00000000 ........              B DMA1_Stream2_IRQHandler

  299                           

  300                                   PUBWEAK DMA1_Stream3_IRQHandler

  301                                   SECTION .text:CODE:REORDER:NOROOT(1)

  302                           DMA1_Stream3_IRQHandler  

  303    00000000 ........              B DMA1_Stream3_IRQHandler

  304                           

  305                                   PUBWEAK DMA1_Stream4_IRQHandler

  306                                   SECTION .text:CODE:REORDER:NOROOT(1)

  307                           DMA1_Stream4_IRQHandler  

  308    00000000 ........              B DMA1_Stream4_IRQHandler

  309                           

  310                                   PUBWEAK DMA1_Stream5_IRQHandler

  311                                   SECTION .text:CODE:REORDER:NOROOT(1)

  312                           DMA1_Stream5_IRQHandler  

  313    00000000 ........              B DMA1_Stream5_IRQHandler

  314                           

  315                                   PUBWEAK DMA1_Stream6_IRQHandler

  316                                   SECTION .text:CODE:REORDER:NOROOT(1)

  317                           DMA1_Stream6_IRQHandler  

  318    00000000 ........              B DMA1_Stream6_IRQHandler

  319                           

  320                                   PUBWEAK ADC_IRQHandler

  321                                   SECTION .text:CODE:REORDER:NOROOT(1)

  322                           ADC_IRQHandler  

  323    00000000 ........              B ADC_IRQHandler

  324                           

  325                                   PUBWEAK CAN1_TX_IRQHandler

  326                                   SECTION .text:CODE:REORDER:NOROOT(1)

  327                           CAN1_TX_IRQHandler  

  328    00000000 ........              B CAN1_TX_IRQHandler

  329                           

  330                                   PUBWEAK CAN1_RX0_IRQHandler

  331                                   SECTION .text:CODE:REORDER:NOROOT(1)

  332                           CAN1_RX0_IRQHandler  

  333    00000000 ........              B CAN1_RX0_IRQHandler

  334                           

  335                                   PUBWEAK CAN1_RX1_IRQHandler

  336                                   SECTION .text:CODE:REORDER:NOROOT(1)

  337                           CAN1_RX1_IRQHandler  

  338    00000000 ........              B CAN1_RX1_IRQHandler

  339                           

  340                                   PUBWEAK CAN1_SCE_IRQHandler

  341                                   SECTION .text:CODE:REORDER:NOROOT(1)

  342                           CAN1_SCE_IRQHandler  

  343    00000000 ........              B CAN1_SCE_IRQHandler

  344                           

  345                                   PUBWEAK EXTI9_5_IRQHandler

  346                                   SECTION .text:CODE:REORDER:NOROOT(1)

  347                           EXTI9_5_IRQHandler  

  348    00000000 ........              B EXTI9_5_IRQHandler

  349                           

  350                                   PUBWEAK TIM1_BRK_TIM9_IRQHandler

  351                                   SECTION .text:CODE:REORDER:NOROOT(1)

  352                           TIM1_BRK_TIM9_IRQHandler  

  353    00000000 ........              B TIM1_BRK_TIM9_IRQHandler

  354                           

  355                                   PUBWEAK TIM1_UP_TIM10_IRQHandler

  356                                   SECTION .text:CODE:REORDER:NOROOT(1)

  357                           TIM1_UP_TIM10_IRQHandler  

  358    00000000 ........              B TIM1_UP_TIM10_IRQHandler

  359                           

  360                                   PUBWEAK TIM1_TRG_COM_TIM11_IRQHandler

  361                                   SECTION .text:CODE:REORDER:NOROOT(1)

  362                           TIM1_TRG_COM_TIM11_IRQHandler  

  363    00000000 ........              B TIM1_TRG_COM_TIM11_IRQHandler

  364                                   

  365                                   PUBWEAK TIM1_CC_IRQHandler

  366                                   SECTION .text:CODE:REORDER:NOROOT(1)

  367                           TIM1_CC_IRQHandler  

  368    00000000 ........              B TIM1_CC_IRQHandler

  369                           

  370                                   PUBWEAK TIM2_IRQHandler

  371                                   SECTION .text:CODE:REORDER:NOROOT(1)

  372                           TIM2_IRQHandler  

  373    00000000 ........              B TIM2_IRQHandler

  374                           

  375                                   PUBWEAK TIM3_IRQHandler

  376                                   SECTION .text:CODE:REORDER:NOROOT(1)

  377                           TIM3_IRQHandler  

  378    00000000 ........              B TIM3_IRQHandler

  379                           

  380                                   PUBWEAK TIM4_IRQHandler

  381                                   SECTION .text:CODE:REORDER:NOROOT(1)

  382                           TIM4_IRQHandler  

  383    00000000 ........              B TIM4_IRQHandler

  384                           

  385                                   PUBWEAK I2C1_EV_IRQHandler

  386                                   SECTION .text:CODE:REORDER:NOROOT(1)

  387                           I2C1_EV_IRQHandler  

  388    00000000 ........              B I2C1_EV_IRQHandler

  389                           

  390                                   PUBWEAK I2C1_ER_IRQHandler

  391                                   SECTION .text:CODE:REORDER:NOROOT(1)

  392                           I2C1_ER_IRQHandler  

  393    00000000 ........              B I2C1_ER_IRQHandler

  394                           

  395                                   PUBWEAK I2C2_EV_IRQHandler

  396                                   SECTION .text:CODE:REORDER:NOROOT(1)

  397                           I2C2_EV_IRQHandler  

  398    00000000 ........              B I2C2_EV_IRQHandler

  399                           

  400                                   PUBWEAK I2C2_ER_IRQHandler

  401                                   SECTION .text:CODE:REORDER:NOROOT(1)

  402                           I2C2_ER_IRQHandler  

  403    00000000 ........              B I2C2_ER_IRQHandler

  404                           

  405                                   PUBWEAK SPI1_IRQHandler

  406                                   SECTION .text:CODE:REORDER:NOROOT(1)

  407                           SPI1_IRQHandler  

  408    00000000 ........              B SPI1_IRQHandler

  409                           

  410                                   PUBWEAK SPI2_IRQHandler

  411                                   SECTION .text:CODE:REORDER:NOROOT(1)

  412                           SPI2_IRQHandler  

  413    00000000 ........              B SPI2_IRQHandler

  414                           

  415                                   PUBWEAK USART1_IRQHandler

  416                                   SECTION .text:CODE:REORDER:NOROOT(1)

  417                           USART1_IRQHandler  

  418    00000000 ........              B USART1_IRQHandler

  419                           

  420                                   PUBWEAK USART2_IRQHandler

  421                                   SECTION .text:CODE:REORDER:NOROOT(1)

  422                           USART2_IRQHandler  

  423    00000000 ........              B USART2_IRQHandler

  424                           

  425                                   PUBWEAK USART3_IRQHandler

  426                                   SECTION .text:CODE:REORDER:NOROOT(1)

  427                           USART3_IRQHandler  

  428    00000000 ........              B USART3_IRQHandler

  429                           

  430                                   PUBWEAK EXTI15_10_IRQHandler

  431                                   SECTION .text:CODE:REORDER:NOROOT(1)

  432                           EXTI15_10_IRQHandler  

  433    00000000 ........              B EXTI15_10_IRQHandler

  434                           

  435                                   PUBWEAK RTC_Alarm_IRQHandler

  436                                   SECTION .text:CODE:REORDER:NOROOT(1)

  437                           RTC_Alarm_IRQHandler  

  438    00000000 ........              B RTC_Alarm_IRQHandler

  439                           

  440                                   PUBWEAK OTG_FS_WKUP_IRQHandler

  441                                   SECTION .text:CODE:REORDER:NOROOT(1)

  442                           OTG_FS_WKUP_IRQHandler  

  443    00000000 ........              B OTG_FS_WKUP_IRQHandler

  444                                 

  445                                   PUBWEAK TIM8_BRK_TIM12_IRQHandler

  446                                   SECTION .text:CODE:REORDER:NOROOT(1)

  447                           TIM8_BRK_TIM12_IRQHandler  

  448    00000000 ........              B TIM8_BRK_TIM12_IRQHandler

  449                           

  450                                   PUBWEAK TIM8_UP_TIM13_IRQHandler

  451                                   SECTION .text:CODE:REORDER:NOROOT(1)

  452                           TIM8_UP_TIM13_IRQHandler  

  453    00000000 ........              B TIM8_UP_TIM13_IRQHandler

  454                           

  455                                   PUBWEAK TIM8_TRG_COM_TIM14_IRQHandler

  456                                   SECTION .text:CODE:REORDER:NOROOT(1)

  457                           TIM8_TRG_COM_TIM14_IRQHandler  

  458    00000000 ........              B TIM8_TRG_COM_TIM14_IRQHandler

  459                           

  460                                   PUBWEAK TIM8_CC_IRQHandler

  461                                   SECTION .text:CODE:REORDER:NOROOT(1)

  462                           TIM8_CC_IRQHandler  

  463    00000000 ........              B TIM8_CC_IRQHandler

  464                           

  465                                   PUBWEAK DMA1_Stream7_IRQHandler

  466                                   SECTION .text:CODE:REORDER:NOROOT(1)

  467                           DMA1_Stream7_IRQHandler  

  468    00000000 ........              B DMA1_Stream7_IRQHandler

  469                           

  470                                   PUBWEAK FSMC_IRQHandler

  471                                   SECTION .text:CODE:REORDER:NOROOT(1)

  472                           FSMC_IRQHandler  

  473    00000000 ........              B FSMC_IRQHandler

  474                           

  475                                   PUBWEAK SDIO_IRQHandler

  476                                   SECTION .text:CODE:REORDER:NOROOT(1)

  477                           SDIO_IRQHandler  

  478    00000000 ........              B SDIO_IRQHandler

  479                           

  480                                   PUBWEAK TIM5_IRQHandler

  481                                   SECTION .text:CODE:REORDER:NOROOT(1)

  482                           TIM5_IRQHandler  

  483    00000000 ........              B TIM5_IRQHandler

  484                           

  485                                   PUBWEAK SPI3_IRQHandler

  486                                   SECTION .text:CODE:REORDER:NOROOT(1)

  487                           SPI3_IRQHandler  

  488    00000000 ........              B SPI3_IRQHandler

  489                           

  490                                   PUBWEAK UART4_IRQHandler

  491                                   SECTION .text:CODE:REORDER:NOROOT(1)

  492                           UART4_IRQHandler  

  493    00000000 ........              B UART4_IRQHandler

  494                           

  495                                   PUBWEAK UART5_IRQHandler

  496                                   SECTION .text:CODE:REORDER:NOROOT(1)

  497                           UART5_IRQHandler  

  498    00000000 ........              B UART5_IRQHandler

  499                           

  500                                   PUBWEAK TIM6_DAC_IRQHandler

  501                                   SECTION .text:CODE:REORDER:NOROOT(1)

  502                           TIM6_DAC_IRQHandler  

  503    00000000 ........              B TIM6_DAC_IRQHandler

  504                           

  505                                   PUBWEAK TIM7_IRQHandler

  506                                   SECTION .text:CODE:REORDER:NOROOT(1)

  507                           TIM7_IRQHandler  

  508    00000000 ........              B TIM7_IRQHandler

  509                           

  510                                   PUBWEAK DMA2_Stream0_IRQHandler

  511                                   SECTION .text:CODE:REORDER:NOROOT(1)

  512                           DMA2_Stream0_IRQHandler  

  513    00000000 ........              B DMA2_Stream0_IRQHandler

  514                           

  515                                   PUBWEAK DMA2_Stream1_IRQHandler

  516                                   SECTION .text:CODE:REORDER:NOROOT(1)

  517                           DMA2_Stream1_IRQHandler  

  518    00000000 ........              B DMA2_Stream1_IRQHandler

  519                           

  520                                   PUBWEAK DMA2_Stream2_IRQHandler

  521                                   SECTION .text:CODE:REORDER:NOROOT(1)

  522                           DMA2_Stream2_IRQHandler  

  523    00000000 ........              B DMA2_Stream2_IRQHandler

  524                           

  525                                   PUBWEAK DMA2_Stream3_IRQHandler

  526                                   SECTION .text:CODE:REORDER:NOROOT(1)

  527                           DMA2_Stream3_IRQHandler  

  528    00000000 ........              B DMA2_Stream3_IRQHandler

  529                           

  530                                   PUBWEAK DMA2_Stream4_IRQHandler

  531                                   SECTION .text:CODE:REORDER:NOROOT(1)

  532                           DMA2_Stream4_IRQHandler  

  533    00000000 ........              B DMA2_Stream4_IRQHandler

  534                           

  535                                   PUBWEAK ETH_IRQHandler

  536                                   SECTION .text:CODE:REORDER:NOROOT(1)

  537                           ETH_IRQHandler  

  538    00000000 ........              B ETH_IRQHandler

  539                           

  540                                   PUBWEAK ETH_WKUP_IRQHandler

  541                                   SECTION .text:CODE:REORDER:NOROOT(1)

  542                           ETH_WKUP_IRQHandler  

  543    00000000 ........              B ETH_WKUP_IRQHandler

  544                           

  545                                   PUBWEAK CAN2_TX_IRQHandler

  546                                   SECTION .text:CODE:REORDER:NOROOT(1)

  547                           CAN2_TX_IRQHandler  

  548    00000000 ........              B CAN2_TX_IRQHandler

  549                           

  550                                   PUBWEAK CAN2_RX0_IRQHandler

  551                                   SECTION .text:CODE:REORDER:NOROOT(1)

  552                           CAN2_RX0_IRQHandler  

  553    00000000 ........              B CAN2_RX0_IRQHandler

  554                           

  555                                   PUBWEAK CAN2_RX1_IRQHandler

  556                                   SECTION .text:CODE:REORDER:NOROOT(1)

  557                           CAN2_RX1_IRQHandler  

  558    00000000 ........              B CAN2_RX1_IRQHandler

  559                           

  560                                   PUBWEAK CAN2_SCE_IRQHandler

  561                                   SECTION .text:CODE:REORDER:NOROOT(1)

  562                           CAN2_SCE_IRQHandler  

  563    00000000 ........              B CAN2_SCE_IRQHandler

  564                           

  565                                   PUBWEAK OTG_FS_IRQHandler

  566                                   SECTION .text:CODE:REORDER:NOROOT(1)

  567                           OTG_FS_IRQHandler  

  568    00000000 ........              B OTG_FS_IRQHandler

  569                           

  570                                   PUBWEAK DMA2_Stream5_IRQHandler

  571                                   SECTION .text:CODE:REORDER:NOROOT(1)

  572                           DMA2_Stream5_IRQHandler  

  573    00000000 ........              B DMA2_Stream5_IRQHandler

  574                           

  575                                   PUBWEAK DMA2_Stream6_IRQHandler

  576                                   SECTION .text:CODE:REORDER:NOROOT(1)

  577                           DMA2_Stream6_IRQHandler  

  578    00000000 ........              B DMA2_Stream6_IRQHandler

  579                           

  580                                   PUBWEAK DMA2_Stream7_IRQHandler

  581                                   SECTION .text:CODE:REORDER:NOROOT(1)

  582                           DMA2_Stream7_IRQHandler  

  583    00000000 ........              B DMA2_Stream7_IRQHandler

  584                           

  585                                   PUBWEAK USART6_IRQHandler

  586                                   SECTION .text:CODE:REORDER:NOROOT(1)

  587                           USART6_IRQHandler  

  588    00000000 ........              B USART6_IRQHandler

  589                           

  590                                   PUBWEAK I2C3_EV_IRQHandler

  591                                   SECTION .text:CODE:REORDER:NOROOT(1)

  592                           I2C3_EV_IRQHandler  

  593    00000000 ........              B I2C3_EV_IRQHandler

  594                           

  595                                   PUBWEAK I2C3_ER_IRQHandler

  596                                   SECTION .text:CODE:REORDER:NOROOT(1)

  597                           I2C3_ER_IRQHandler  

  598    00000000 ........              B I2C3_ER_IRQHandler

  599                           

  600                                   PUBWEAK OTG_HS_EP1_OUT_IRQHandler

  601                                   SECTION .text:CODE:REORDER:NOROOT(1)

  602                           OTG_HS_EP1_OUT_IRQHandler  

  603    00000000 ........              B OTG_HS_EP1_OUT_IRQHandler

  604                           

  605                                   PUBWEAK OTG_HS_EP1_IN_IRQHandler

  606                                   SECTION .text:CODE:REORDER:NOROOT(1)

  607                           OTG_HS_EP1_IN_IRQHandler  

  608    00000000 ........              B OTG_HS_EP1_IN_IRQHandler

  609                           

  610                                   PUBWEAK OTG_HS_WKUP_IRQHandler

  611                                   SECTION .text:CODE:REORDER:NOROOT(1)

  612                           OTG_HS_WKUP_IRQHandler  

  613    00000000 ........              B OTG_HS_WKUP_IRQHandler

  614                           

  615                                   PUBWEAK OTG_HS_IRQHandler

  616                                   SECTION .text:CODE:REORDER:NOROOT(1)

  617                           OTG_HS_IRQHandler  

  618    00000000 ........              B OTG_HS_IRQHandler

  619                           

  620                                   PUBWEAK DCMI_IRQHandler

  621                                   SECTION .text:CODE:REORDER:NOROOT(1)

  622                           DCMI_IRQHandler  

  623    00000000 ........              B DCMI_IRQHandler

  624                           

  625                                   PUBWEAK HASH_RNG_IRQHandler

  626                                   SECTION .text:CODE:REORDER:NOROOT(1)

  627                           HASH_RNG_IRQHandler  

  628    00000000 ........              B HASH_RNG_IRQHandler

  629                           

  630                                   PUBWEAK FPU_IRQHandler

  631                                   SECTION .text:CODE:REORDER:NOROOT(1)

  632                           FPU_IRQHandler  

  633    00000000 ........              B FPU_IRQHandler

  634                           

  635                                   END





\n                   DELIMITER 

                     DELIMITER 

!                    OPERATOR 

!=                   OPERATOR 

%                    OPERATOR 

&                    OPERATOR 

&&                   OPERATOR 

(                    OPERATOR 

(                    DELIMITER 

)                    OPERATOR 

)                    DELIMITER 

*                    OPERATOR 

+                    OPERATOR 

,                    DELIMITER 

-                    OPERATOR 

.                    Target symbol: 24 

/                    OPERATOR 

/                    DELIMITER 

:                    Target symbol: 22 

:                    DELIMITER 

;                    Target symbol: 23 

<                    OPERATOR 

<<                   OPERATOR 

<=                   OPERATOR 

<>                   OPERATOR 

=                    OPERATOR 

=                    DIRECTIVE 

==                   OPERATOR 

>                    OPERATOR 

>=                   OPERATOR 

>>                   OPERATOR 

@                    DELIMITER 

AAPCS                DIRECTIVE 

ALIAS                DIRECTIVE 

ALIGN                DIRECTIVE 

ALIGNRAM             DIRECTIVE 

ALIGNROM             DIRECTIVE 

ANOTE                DIRECTIVE 

APSR_NZCV            REGISTER 

ARGFRAME             DIRECTIVE 

ARM                  DIRECTIVE 

ASEGN                DIRECTIVE 

BIT                  SEGMENT TYPE 

BYTE1                OPERATOR 

BYTE2                OPERATOR 

BYTE3                OPERATOR 

BYTE4                OPERATOR 

C0                   REGISTER 

C1                   REGISTER 

C10                  REGISTER 

C11                  REGISTER 

C12                  REGISTER 

C13                  REGISTER 

C14                  REGISTER 

C15                  REGISTER 

C2                   REGISTER 

C3                   REGISTER 

C4                   REGISTER 

C5                   REGISTER 

C6                   REGISTER 

C7                   REGISTER 

C8                   REGISTER 

C9                   REGISTER 

CALL_GRAPH_ROOT      DIRECTIVE 

CASEOFF              DIRECTIVE 

CASEON               DIRECTIVE 

CBREL                OPERATOR 

CBREL_NEAR           OPERATOR 

CFI                  DIRECTIVE 

CODE                 SEGMENT TYPE 

CODE                 DIRECTIVE 

CODE16               DIRECTIVE 

CODE32               DIRECTIVE 

COL                  DIRECTIVE 

CONST                SEGMENT TYPE 

D0                   REGISTER 

D1                   REGISTER 

D10                  REGISTER 

D11                  REGISTER 

D12                  REGISTER 

D13                  REGISTER 

D14                  REGISTER 

D15                  REGISTER 

D2                   REGISTER 

D3                   REGISTER 

D4                   REGISTER 

D5                   REGISTER 

D6                   REGISTER 

D7                   REGISTER 

D8                   REGISTER 

D9                   REGISTER 

DATA                 SEGMENT TYPE 

DATA                 DIRECTIVE 

DATA16               DIRECTIVE 

DATA32               DIRECTIVE 

DATA64               DIRECTIVE 

DATA8                DIRECTIVE 

DATE                 OPERATOR 

DC16                 DIRECTIVE 

DC24                 DIRECTIVE 

DC32                 DIRECTIVE 

DC64                 DIRECTIVE 

DC8                  DIRECTIVE 

DCB                  DIRECTIVE 

DCD                  DIRECTIVE 

DCREL32              DIRECTIVE 

DCW                  DIRECTIVE 

DEFINE               DIRECTIVE 

DF32                 DIRECTIVE 

DF64                 DIRECTIVE 

DS16                 DIRECTIVE 

DS24                 DIRECTIVE 

DS32                 DIRECTIVE 

DS64                 DIRECTIVE 

DS8                  DIRECTIVE 

ELSE                 DIRECTIVE 

ELSEIF               DIRECTIVE 

END                  DIRECTIVE 

ENDIF                DIRECTIVE 

ENDM                 DIRECTIVE 

ENDMOD               DIRECTIVE 

ENDR                 DIRECTIVE 

EQU                  DIRECTIVE 

EVEN                 DIRECTIVE 

EXCEPTION_CODE       DIRECTIVE 

EXITM                DIRECTIVE 

EXPORT               DIRECTIVE 

EXTERN               DIRECTIVE 

EXTWEAK              DIRECTIVE 

FAR                  SEGMENT TYPE 

FARCODE              SEGMENT TYPE 

FARCONST             SEGMENT TYPE 

FARDATA              SEGMENT TYPE 

FPEXC                REGISTER 

FPINST               REGISTER 

FPINST2              REGISTER 

FPSCR                REGISTER 

FPSID                REGISTER 

FUNCALL              DIRECTIVE 

FUNCTION             DIRECTIVE 

HIGH                 OPERATOR 

HUGE                 SEGMENT TYPE 

HUGECODE             SEGMENT TYPE 

HUGECONST            SEGMENT TYPE 

HUGEDATA             SEGMENT TYPE 

HWRD                 OPERATOR 

IDATA                SEGMENT TYPE 

IF                   DIRECTIVE 

IMPORT               DIRECTIVE 

INCLUDE              DIRECTIVE 

LIBRARY              DIRECTIVE 

LOCAL                DIRECTIVE 

LOCFRAME             DIRECTIVE 

LOW                  OPERATOR 

LR                   REGISTER 

LSTCND               DIRECTIVE 

LSTCOD               DIRECTIVE 

LSTEXP               DIRECTIVE 

LSTMAC               DIRECTIVE 

LSTOUT               DIRECTIVE 

LSTPAG               DIRECTIVE 

LSTREP               DIRECTIVE 

LSTXRF               DIRECTIVE 

LTORG                DIRECTIVE 

LWRD                 OPERATOR 

MACRO                DIRECTIVE 

MODULE               DIRECTIVE 

MVFR0                REGISTER 

MVFR1                REGISTER 

MVFR2                REGISTER 

NAME                 DIRECTIVE 

NEAR                 SEGMENT TYPE 

NEARCODE             SEGMENT TYPE 

NEARCONST            SEGMENT TYPE 

NEARDATA             SEGMENT TYPE 

NOALLOC              SEGMENT TYPE 

NOCALL               DIRECTIVE 

NOROOT               SEGMENT TYPE 

NPAGE                SEGMENT TYPE 

ODD                  DIRECTIVE 

P0                   REGISTER 

P1                   REGISTER 

P10                  REGISTER 

P11                  REGISTER 

P12                  REGISTER 

P13                  REGISTER 

P14                  REGISTER 

P15                  REGISTER 

P2                   REGISTER 

P3                   REGISTER 

P4                   REGISTER 

P5                   REGISTER 

P6                   REGISTER 

P7                   REGISTER 

P8                   REGISTER 

P9                   REGISTER 

PAGE                 DIRECTIVE 

PAGSIZ               DIRECTIVE 

PC                   REGISTER 

PRESERVE8            DIRECTIVE 

PROGRAM              DIRECTIVE 

PUBLIC               DIRECTIVE 

PUBWEAK              DIRECTIVE 

R0                   REGISTER 

R1                   REGISTER 

R10                  REGISTER 

R11                  REGISTER 

R12                  REGISTER 

R13                  REGISTER 

R14                  REGISTER 

R15                  REGISTER 

R2                   REGISTER 

R3                   REGISTER 

R4                   REGISTER 

R5                   REGISTER 

R6                   REGISTER 

R7                   REGISTER 

R8                   REGISTER 

R9                   REGISTER 

RADIX                DIRECTIVE 

REGISTER             SEGMENT TYPE 

RELOC_ARM_PREL31     OPERATOR 

RELOC_ARM_TARGET1    OPERATOR 

RELOC_ARM_TARGET2    OPERATOR 

RELOC_LOCAL          OPERATOR 

REORDER              SEGMENT TYPE 

REPT                 DIRECTIVE 

REPTC                DIRECTIVE 

REPTI                DIRECTIVE 

REQUIRE              DIRECTIVE 

REQUIRE8             DIRECTIVE 

ROOT                 SEGMENT TYPE 

RSEG                 DIRECTIVE 

RTMODEL              DIRECTIVE 

S0                   REGISTER 

S1                   REGISTER 

S10                  REGISTER 

S11                  REGISTER 

S12                  REGISTER 

S13                  REGISTER 

S14                  REGISTER 

S15                  REGISTER 

S16                  REGISTER 

S17                  REGISTER 

S18                  REGISTER 

S19                  REGISTER 

S2                   REGISTER 

S20                  REGISTER 

S21                  REGISTER 

S22                  REGISTER 

S23                  REGISTER 

S24                  REGISTER 

S25                  REGISTER 

S26                  REGISTER 

S27                  REGISTER 

S28                  REGISTER 

S29                  REGISTER 

S3                   REGISTER 

S30                  REGISTER 

S31                  REGISTER 

S4                   REGISTER 

S5                   REGISTER 

S6                   REGISTER 

S7                   REGISTER 

S8                   REGISTER 

S9                   REGISTER 

SBREL                OPERATOR 

SBREL_NEAR           OPERATOR 

SECTION              DIRECTIVE 

SECTION_GROUP        DIRECTIVE 

SECTION_LINK         DIRECTIVE 

SECTION_TYPE         DIRECTIVE 

SET                  DIRECTIVE 

SETA                 DIRECTIVE 

SFB                  OPERATOR 

SFE                  OPERATOR 

SFS                  OPERATOR 

SIZE                 DIRECTIVE 

SIZEOF               OPERATOR 

SORT                 SEGMENT TYPE 

SP                   REGISTER 

THUMB                DIRECTIVE 

THUMBX               DIRECTIVE 

TLS                  SEGMENT TYPE 

TLS                  OPERATOR 

UGT                  OPERATOR 

ULT                  OPERATOR 

UNTYPED              SEGMENT TYPE 

VAR                  DIRECTIVE 

XDATA                SEGMENT TYPE 

XOR                  OPERATOR 

ZPAGE                SEGMENT TYPE 

[                    DELIMITER 

]                    DELIMITER 

^                    OPERATOR 

^                    DELIMITER 

__ARM4TM__           #define, value: 4, line:         0  

__ARM5TM__           #define, value: 5, line:         0  

__ARM5T__            #define, value: 5, line:         0  

__ARM5__             #define, value: 5, line:         0  

__ARM6MEDIA__        #define, value: 6, line:         0  

__ARM6M__            #define, value: 11, line:         0  

__ARM6SM__           #define, value: 12, line:         0  

__ARM6T2__           #define, value: 6, line:         0  

__ARM6__             #define, value: 6, line:         0  

__ARM7EM__           #define, value: 13, line:         0  

__ARM7M__            #define, value: 7, line:         0  

__ARM7__             #define, value: 7, line:         0  

__ARMVFPV1__         #define, value: 1, line:         0  

__ARMVFPV2__         #define, value: 2, line:         0  

__ARMVFPV3_D16__     #define, value: 1, line:         0  

__ARMVFPV3_FP16__    #define, value: 1, line:         0  

__ARMVFPV3__         #define, value: 3, line:         0  

__ARMVFPV4__         #define, value: 4, line:         0  

__ARMVFP_D16__       #define, value: 1, line:         0  

__ARMVFP_FP16__      #define, value: 1, line:         0  

__ARMVFP_SP__        #define, value: 1, line:         0  

__ARMVFP__           #define, value: __ARMVFPV4__, line:         0  

__ARM_32BIT_STATE    #define, value: 1, line:         0  

__ARM_ARCH           #define, value: 7, line:         0  

__ARM_ARCH_ISA_THUMB #define, value: 2, line:         0  

__ARM_ARCH_PROFILE   #define, value: 'M', line:         0  

__ARM_FEATURE_CLZ    #define, value: 1, line:         0  

__ARM_FEATURE_DSP    #define, value: 1, line:         0  

__ARM_FEATURE_FMA    #define, value: 1, line:         0  

__ARM_FEATURE_IDIV   #define, value: 1, line:         0  

__ARM_FEATURE_LDREX  #define, value: 7, line:         0  

__ARM_FEATURE_QBIT   #define, value: 1, line:         0  

__ARM_FEATURE_SAT    #define, value: 1, line:         0  

__ARM_FEATURE_SIMD32 #define, value: 1, line:         0  

__ARM_FP             #define, value: 6, line:         0  

__ARM_MEDIA__        #define, value: 1, line:         0  

__ARM_PROFILE_M__    #define, value: 1, line:         0  

__BUILD_NUMBER__     #define,            line:         0  

__CORE__             #define, value: __ARM7EM__, line:         0  

__DATE__             #define,            line:         0  

__FILE__             #define,            line:         0  

__IAR_SYSTEMS_ASM    #define,            line:         0  

__IAR_SYSTEMS_ASM__  #define,            line:         0  

__IASMARM__          #define, value: 1, line:         0  

__LINE__             #define,            line:         0  

__LITTLE_ENDIAN__    #define, value: 1, line:         0  

__SUBVERSION__       #define,            line:         0  

__TID__              #define,            line:         0  

__TIME__             #define,            line:         0  

__VER__              #define,            line:         0  

define               PREPROCESSOR DIRECTIVE 

defined              Target symbol: 0 

elif                 PREPROCESSOR DIRECTIVE 

else                 PREPROCESSOR DIRECTIVE 

endif                PREPROCESSOR DIRECTIVE 

error                PREPROCESSOR DIRECTIVE 

if                   PREPROCESSOR DIRECTIVE 

ifdef                PREPROCESSOR DIRECTIVE 

ifndef               PREPROCESSOR DIRECTIVE 

include              PREPROCESSOR DIRECTIVE 

line                 PREPROCESSOR DIRECTIVE 

message              PREPROCESSOR DIRECTIVE 

pragma               PREPROCESSOR DIRECTIVE 

undef                PREPROCESSOR DIRECTIVE 

{                    DELIMITER 

|                    OPERATOR 

||                   OPERATOR 

}                    DELIMITER 

~                    OPERATOR 

EOF                  DELIMITER 



Segment             Type 	Mode

----------------------------------------

.intvec             CODE  	REL 

.text               CODE  	REL 

CSTACK              DATA  	REL 

__EXTERNS           CODE  	ABS Org:0 



Label               Mode   Type                   Segment    Value/Offset

------------------------------------------------------------------------------

??DUMMY_SYMBOL_IN_BACKEND_PARSED_OPERANDS
                    ABS    CONST UNTYP.           ASEG       1267 

ADC_IRQHandler      REL    CONST EXT [030] UNTYP. .intvec    Solved Extern 

BusFault_Handler    REL    CONST EXT [006] UNTYP. .intvec    Solved Extern 

CAN1_RX0_IRQHandler REL    CONST EXT [032] UNTYP. .intvec    Solved Extern 

CAN1_RX1_IRQHandler REL    CONST EXT [033] UNTYP. .intvec    Solved Extern 

CAN1_SCE_IRQHandler REL    CONST EXT [034] UNTYP. .intvec    Solved Extern 

CAN1_TX_IRQHandler  REL    CONST EXT [031] UNTYP. .intvec    Solved Extern 

CAN2_RX0_IRQHandler REL    CONST EXT [076] UNTYP. .intvec    Solved Extern 

CAN2_RX1_IRQHandler REL    CONST EXT [077] UNTYP. .intvec    Solved Extern 

CAN2_SCE_IRQHandler REL    CONST EXT [078] UNTYP. .intvec    Solved Extern 

CAN2_TX_IRQHandler  REL    CONST EXT [075] UNTYP. .intvec    Solved Extern 

DCMI_IRQHandler     REL    CONST EXT [090] UNTYP. .intvec    Solved Extern 

DMA1_Stream0_IRQHandlerREL    CONST EXT [023] UNTYP. .intvec    Solved Extern 

DMA1_Stream1_IRQHandlerREL    CONST EXT [024] UNTYP. .intvec    Solved Extern 

DMA1_Stream2_IRQHandlerREL    CONST EXT [025] UNTYP. .intvec    Solved Extern 

DMA1_Stream3_IRQHandlerREL    CONST EXT [026] UNTYP. .intvec    Solved Extern 

DMA1_Stream4_IRQHandlerREL    CONST EXT [027] UNTYP. .intvec    Solved Extern 

DMA1_Stream5_IRQHandlerREL    CONST EXT [028] UNTYP. .intvec    Solved Extern 

DMA1_Stream6_IRQHandlerREL    CONST EXT [029] UNTYP. .intvec    Solved Extern 

DMA1_Stream7_IRQHandlerREL    CONST EXT [059] UNTYP. .intvec    Solved Extern 

DMA2_Stream0_IRQHandlerREL    CONST EXT [068] UNTYP. .intvec    Solved Extern 

DMA2_Stream1_IRQHandlerREL    CONST EXT [069] UNTYP. .intvec    Solved Extern 

DMA2_Stream2_IRQHandlerREL    CONST EXT [070] UNTYP. .intvec    Solved Extern 

DMA2_Stream3_IRQHandlerREL    CONST EXT [071] UNTYP. .intvec    Solved Extern 

DMA2_Stream4_IRQHandlerREL    CONST EXT [072] UNTYP. .intvec    Solved Extern 

DMA2_Stream5_IRQHandlerREL    CONST EXT [080] UNTYP. .intvec    Solved Extern 

DMA2_Stream6_IRQHandlerREL    CONST EXT [081] UNTYP. .intvec    Solved Extern 

DMA2_Stream7_IRQHandlerREL    CONST EXT [082] UNTYP. .intvec    Solved Extern 

DebugMon_Handler    REL    CONST EXT [009] UNTYP. .intvec    Solved Extern 

ETH_IRQHandler      REL    CONST EXT [073] UNTYP. .intvec    Solved Extern 

ETH_WKUP_IRQHandler REL    CONST EXT [074] UNTYP. .intvec    Solved Extern 

EXTI0_IRQHandler    REL    CONST EXT [018] UNTYP. .intvec    Solved Extern 

EXTI15_10_IRQHandlerREL    CONST EXT [052] UNTYP. .intvec    Solved Extern 

EXTI1_IRQHandler    REL    CONST EXT [019] UNTYP. .intvec    Solved Extern 

EXTI2_IRQHandler    REL    CONST EXT [020] UNTYP. .intvec    Solved Extern 

EXTI3_IRQHandler    REL    CONST EXT [021] UNTYP. .intvec    Solved Extern 

EXTI4_IRQHandler    REL    CONST EXT [022] UNTYP. .intvec    Solved Extern 

EXTI9_5_IRQHandler  REL    CONST EXT [035] UNTYP. .intvec    Solved Extern 

FLASH_IRQHandler    REL    CONST EXT [016] UNTYP. .intvec    Solved Extern 

FPU_IRQHandler      REL    CONST EXT [092] UNTYP. .intvec    Solved Extern 

FSMC_IRQHandler     REL    CONST EXT [060] UNTYP. .intvec    Solved Extern 

HASH_RNG_IRQHandler REL    CONST EXT [091] UNTYP. .intvec    Solved Extern 

HardFault_Handler   REL    CONST EXT [004] UNTYP. .intvec    Solved Extern 

I2C1_ER_IRQHandler  REL    CONST EXT [044] UNTYP. .intvec    Solved Extern 

I2C1_EV_IRQHandler  REL    CONST EXT [043] UNTYP. .intvec    Solved Extern 

I2C2_ER_IRQHandler  REL    CONST EXT [046] UNTYP. .intvec    Solved Extern 

I2C2_EV_IRQHandler  REL    CONST EXT [045] UNTYP. .intvec    Solved Extern 

I2C3_ER_IRQHandler  REL    CONST EXT [085] UNTYP. .intvec    Solved Extern 

I2C3_EV_IRQHandler  REL    CONST EXT [084] UNTYP. .intvec    Solved Extern 

MemManage_Handler   REL    CONST EXT [005] UNTYP. .intvec    Solved Extern 

NMI_Handler         REL    CONST EXT [003] UNTYP. .intvec    Solved Extern 

OTG_FS_IRQHandler   REL    CONST EXT [079] UNTYP. .intvec    Solved Extern 

OTG_FS_WKUP_IRQHandlerREL    CONST EXT [054] UNTYP. .intvec    Solved Extern 

OTG_HS_EP1_IN_IRQHandlerREL    CONST EXT [087] UNTYP. .intvec    Solved Extern 

OTG_HS_EP1_OUT_IRQHandlerREL    CONST EXT [086] UNTYP. .intvec    Solved Extern 

OTG_HS_IRQHandler   REL    CONST EXT [089] UNTYP. .intvec    Solved Extern 

OTG_HS_WKUP_IRQHandlerREL    CONST EXT [088] UNTYP. .intvec    Solved Extern 

PVD_IRQHandler      REL    CONST EXT [013] UNTYP. .intvec    Solved Extern 

PendSV_Handler      REL    CONST EXT [010] UNTYP. .intvec    Solved Extern 

RCC_IRQHandler      REL    CONST EXT [017] UNTYP. .intvec    Solved Extern 

RTC_Alarm_IRQHandlerREL    CONST EXT [053] UNTYP. .intvec    Solved Extern 

RTC_WKUP_IRQHandler REL    CONST EXT [015] UNTYP. .intvec    Solved Extern 

Reset_Handler       REL    CONST EXT [002] UNTYP. .intvec    Solved Extern 

SDIO_IRQHandler     REL    CONST EXT [061] UNTYP. .intvec    Solved Extern 

SPI1_IRQHandler     REL    CONST EXT [047] UNTYP. .intvec    Solved Extern 

SPI2_IRQHandler     REL    CONST EXT [048] UNTYP. .intvec    Solved Extern 

SPI3_IRQHandler     REL    CONST EXT [063] UNTYP. .intvec    Solved Extern 

SVC_Handler         REL    CONST EXT [008] UNTYP. .intvec    Solved Extern 

SysTick_Handler     REL    CONST EXT [011] UNTYP. .intvec    Solved Extern 

SystemInit          ABS    CONST EXT [001] UNTYP. __EXTERNS  Solved Extern 

TAMP_STAMP_IRQHandlerREL    CONST EXT [014] UNTYP. .intvec    Solved Extern 

TID                 ABS    CONST UNTYP.           ASEG       4F00 

TIM1_BRK_TIM9_IRQHandlerREL    CONST EXT [036] UNTYP. .intvec    Solved Extern 

TIM1_CC_IRQHandler  REL    CONST EXT [039] UNTYP. .intvec    Solved Extern 

TIM1_TRG_COM_TIM11_IRQHandlerREL    CONST EXT [038] UNTYP. .intvec    Solved Extern 

TIM1_UP_TIM10_IRQHandlerREL    CONST EXT [037] UNTYP. .intvec    Solved Extern 

TIM2_IRQHandler     REL    CONST EXT [040] UNTYP. .intvec    Solved Extern 

TIM3_IRQHandler     REL    CONST EXT [041] UNTYP. .intvec    Solved Extern 

TIM4_IRQHandler     REL    CONST EXT [042] UNTYP. .intvec    Solved Extern 

TIM5_IRQHandler     REL    CONST EXT [062] UNTYP. .intvec    Solved Extern 

TIM6_DAC_IRQHandler REL    CONST EXT [066] UNTYP. .intvec    Solved Extern 

TIM7_IRQHandler     REL    CONST EXT [067] UNTYP. .intvec    Solved Extern 

TIM8_BRK_TIM12_IRQHandlerREL    CONST EXT [055] UNTYP. .intvec    Solved Extern 

TIM8_CC_IRQHandler  REL    CONST EXT [058] UNTYP. .intvec    Solved Extern 

TIM8_TRG_COM_TIM14_IRQHandlerREL    CONST EXT [057] UNTYP. .intvec    Solved Extern 

TIM8_UP_TIM13_IRQHandlerREL    CONST EXT [056] UNTYP. .intvec    Solved Extern 

UART4_IRQHandler    REL    CONST EXT [064] UNTYP. .intvec    Solved Extern 

UART5_IRQHandler    REL    CONST EXT [065] UNTYP. .intvec    Solved Extern 

USART1_IRQHandler   REL    CONST EXT [049] UNTYP. .intvec    Solved Extern 

USART2_IRQHandler   REL    CONST EXT [050] UNTYP. .intvec    Solved Extern 

USART3_IRQHandler   REL    CONST EXT [051] UNTYP. .intvec    Solved Extern 

USART6_IRQHandler   REL    CONST EXT [083] UNTYP. .intvec    Solved Extern 

UsageFault_Handler  REL    CONST EXT [007] UNTYP. .intvec    Solved Extern 

WWDG_IRQHandler     REL    CONST EXT [012] UNTYP. .intvec    Solved Extern 

__iar_program_start ABS    CONST EXT [000] UNTYP. __EXTERNS  Solved Extern 

__lab0              REL    CONST UNTYP.           .text      8 

__lab1              REL    CONST UNTYP.           .text      C 

__vector_table      REL    CONST PUB UNTYP.       .intvec    0 





##############################
#           CRC:0            #
#        Errors:   0         #
#        Warnings: 0         #
#         Bytes: 768         #
##############################



